<?xml version="1.0" encoding="UTF-8"?>
<!-- Generated by org.testng.reporters.JUnitReportReporter -->
<testsuite skipped="0" hostname="DESKTOP-6SG03HS" name="try1.FetchServiceAndBook" tests="1" failures="0" timestamp="2020-04-08T19:10:31 IST" time="37.721" errors="0">
  <testcase name="newmet" time="37.721" classname="try1.FetchServiceAndBook"/>
</testsuite> <!-- try1.FetchServiceAndBook -->
