<?xml version="1.0" encoding="UTF-8"?>
<!-- Generated by org.testng.reporters.JUnitReportReporter -->
<testsuite skipped="0" hostname="DESKTOP-6SG03HS" name="try1.ForExcelCopy" tests="1" failures="0" timestamp="2020-05-23T16:58:15 IST" time="28.625" errors="0">
  <testcase name="writingToExcel" time="28.625" classname="try1.ForExcelCopy"/>
</testsuite> <!-- try1.ForExcelCopy -->
