<?xml version="1.0" encoding="UTF-8"?>
<!-- Generated by org.testng.reporters.JUnitReportReporter -->
<testsuite skipped="1" hostname="DESKTOP-6SG03HS" name="try1.Trials" tests="2" failures="0" timestamp="2020-03-27T12:00:55 IST" time="1.269" errors="0">
  <testcase name="uploadExcelAssertEachField" time="1.269" classname="try1.Trials"/>
  <testcase name="log_in" classname="try1.Trials">
    <skipped/>
  </testcase> <!-- log_in -->
</testsuite> <!-- try1.Trials -->
