<?xml version="1.0" encoding="UTF-8"?>
<!-- Generated by org.testng.reporters.JUnitReportReporter -->
<testsuite skipped="1" hostname="DESKTOP-6SG03HS" name="try1.Trials" tests="2" failures="0" timestamp="2020-05-21T16:29:17 IST" time="1.053" errors="0">
  <testcase name="uploadExcelAssertEachField" time="1.053" classname="try1.Trials"/>
  <testcase name="log_in" classname="try1.Trials">
    <skipped/>
  </testcase> <!-- log_in -->
</testsuite> <!-- try1.Trials -->
