<?xml version="1.0" encoding="UTF-8"?>
<!-- Generated by org.testng.reporters.JUnitReportReporter -->
<testsuite skipped="2" hostname="DESKTOP-6SG03HS" name="try1.ForMultipleElements" tests="3" failures="0" timestamp="2020-05-23T11:34:33 IST" time="28.442" errors="0">
  <testcase name="captureDataIndividualy" time="28.442" classname="try1.ForMultipleElements"/>
  <testcase name="oneFieldWithInOther" classname="try1.ForMultipleElements">
    <skipped/>
  </testcase> <!-- oneFieldWithInOther -->
  <testcase name="log" classname="try1.ForMultipleElements">
    <skipped/>
  </testcase> <!-- log -->
</testsuite> <!-- try1.ForMultipleElements -->
