<?xml version="1.0" encoding="UTF-8"?>
<!-- Generated by org.testng.reporters.JUnitReportReporter -->
<testsuite skipped="0" hostname="DESKTOP-6SG03HS" name="try1.ForMultipleElementsDifferentImplementation" tests="1" failures="0" timestamp="2020-05-23T18:16:02 IST" time="31.144" errors="0">
  <testcase name="method1" time="31.144" classname="try1.ForMultipleElementsDifferentImplementation"/>
</testsuite> <!-- try1.ForMultipleElementsDifferentImplementation -->
