<?xml version="1.0" encoding="UTF-8"?>
<!-- Generated by org.testng.reporters.JUnitReportReporter -->
<testsuite skipped="0" hostname="DESKTOP-6SG03HS" name="try1.Practice" tests="3" failures="0" timestamp="2020-05-07T13:46:15 IST" time="0.017" errors="0">
  <testcase name="case1" time="0.011" classname="try1.Practice"/>
  <testcase name="case2" time="0.003" classname="try1.Practice"/>
  <testcase name="case3" time="0.003" classname="try1.Practice"/>
</testsuite> <!-- try1.Practice -->
